════════════════════════════════════════════════════════════════════════════════
3SEQ -- Full Run
════════════════════════════════════════════════════════════════════════════════

COMMAND:
  -f /tmp/tmp.PVkREQZAGP -p /home/itay/bioinfo/viruses/orthologs2/input/PVT.3SEQ.400 -d

Removing identical sequences.

Using 23 sequences as parents.
Using 23 sequences as children.

Need a p-value of 4.70544e-06 to survive multiple comparisons correction.

All recombinant triplets will be recorded to the file "3s.rec.csv".

Long recombinants will be recorded to the file "3s.longRec".

Loading P-value table from file
"/home/itay/bioinfo/viruses/orthologs2/input/PVT.3SEQ.400"
  Table size : 400 * 400 * 400

────────────────────────────────────────────────────────────────────────────────

                                                Recombinant
Progress    Time Elapsed    Minimum P-Value    Triplets Found
100.000%      000:00:00       7.117080e-18              111

────────────────────────────────────────────────────────────────────────────────

Number of triples tested :              10626
Number of p-values computed exactly :   10626
Number of p-values approximated (HS) :  0
Number of p-values not computed :       0

Number of recombinant triplets :                               	111
Number of distinct recombinant sequences :                     	12
Number of distinct recombinant sequences at least 100nt long : 	12
Longest of short recombinant segments :                        	181nt

────────────────────────────────────────────────────────────────────────────────

Rejection of the null hypothesis of clonal evolution at p = 7.56261e-14
                                                        p = 7.563e-14
                                            Uncorrected p = 7.11708e-18
                                            Bonferroni  p = 7.56261e-14

────────────────────────────────────────────────────────────────────────────────

The histogram of P-values has been saved in the file "3s.pvalHist".

════════════════════════════════════════════════════════════════════════════════


                                            ╔══════════════════════════════════╗
                                            ║ Log saved at 2025/08/11 17:21:29 ║
                                            ╚══════════════════════════════════╝

