════════════════════════════════════════════════════════════════════════════════
3SEQ -- Full Run
════════════════════════════════════════════════════════════════════════════════

COMMAND:
  -f /tmp/tmp.zDEQusFL7K -p /home/itay/bioinfo/viruses/orthologs2/input/PVT.3SEQ.400 -d

Removing identical sequences.

Using 6 sequences as parents.
Using 6 sequences as children.

Need a p-value of 0.000416667 to survive multiple comparisons correction.

All recombinant triplets will be recorded to the file "3s.rec.csv".

Long recombinants will be recorded to the file "3s.longRec".

Loading P-value table from file
"/home/itay/bioinfo/viruses/orthologs2/input/PVT.3SEQ.400"
  Table size : 400 * 400 * 400

────────────────────────────────────────────────────────────────────────────────

                                                Recombinant
Progress    Time Elapsed    Minimum P-Value    Triplets Found
100.000%      000:00:00       9.856772e-05                5

────────────────────────────────────────────────────────────────────────────────

Number of triples tested :              120
Number of p-values computed exactly :   120
Number of p-values approximated (HS) :  0
Number of p-values not computed :       0

Number of recombinant triplets :                               	5
Number of distinct recombinant sequences :                     	2
Number of distinct recombinant sequences at least 100nt long : 	2
Longest of short recombinant segments :                        	103nt

────────────────────────────────────────────────────────────────────────────────

Rejection of the null hypothesis of clonal evolution at p = 0.011759
                                                        p = 1.176e-02
                                            Uncorrected p = 9.85677e-05
                                            Bonferroni  p = 0.0118281

────────────────────────────────────────────────────────────────────────────────

The histogram of P-values has been saved in the file "3s.pvalHist".

════════════════════════════════════════════════════════════════════════════════


                                            ╔══════════════════════════════════╗
                                            ║ Log saved at 2025/08/11 17:21:30 ║
                                            ╚══════════════════════════════════╝

