════════════════════════════════════════════════════════════════════════════════
3SEQ -- Full Run
════════════════════════════════════════════════════════════════════════════════

COMMAND:
  -f /tmp/tmp.EdTMepgwrp -p /home/itay/bioinfo/viruses/orthologs2/input/PVT.3SEQ.400 -d

Removing identical sequences.

Using 15 sequences as parents.
Using 15 sequences as children.

Need a p-value of 1.8315e-05 to survive multiple comparisons correction.

All recombinant triplets will be recorded to the file "3s.rec.csv".

Long recombinants will be recorded to the file "3s.longRec".

Loading P-value table from file
"/home/itay/bioinfo/viruses/orthologs2/input/PVT.3SEQ.400"
  Table size : 400 * 400 * 400

────────────────────────────────────────────────────────────────────────────────

                                                Recombinant
Progress    Time Elapsed    Minimum P-Value    Triplets Found
100.000%      000:00:00       1.869799e-05                1

────────────────────────────────────────────────────────────────────────────────

Number of triples tested :              2730
Number of p-values computed exactly :   2730
Number of p-values approximated (HS) :  0
Number of p-values not computed :       0

Number of recombinant triplets :                               	1
Number of distinct recombinant sequences :                     	1
Number of distinct recombinant sequences at least 100nt long : 	0
Longest of short recombinant segments :                        	83nt

────────────────────────────────────────────────────────────────────────────────

Rejection of the null hypothesis of clonal evolution at p = 0.049765
                                                        p = 4.977e-02
                                            Uncorrected p = 1.8698e-05
                                            Bonferroni  p = 0.0510455

────────────────────────────────────────────────────────────────────────────────

The histogram of P-values has been saved in the file "3s.pvalHist".

════════════════════════════════════════════════════════════════════════════════


                                            ╔══════════════════════════════════╗
                                            ║ Log saved at 2025/08/11 17:21:27 ║
                                            ╚══════════════════════════════════╝

