════════════════════════════════════════════════════════════════════════════════
3SEQ -- Full Run
════════════════════════════════════════════════════════════════════════════════

COMMAND:
  -f /tmp/tmp.lxYc7YQ4SY -p /home/itay/bioinfo/viruses/orthologs2/input/PVT.3SEQ.400 -d

Removing identical sequences.

Using 5 sequences as parents.
Using 5 sequences as children.

Need a p-value of 0.000833333 to survive multiple comparisons correction.

All recombinant triplets will be recorded to the file "3s.rec.csv".

Long recombinants will be recorded to the file "3s.longRec".

Loading P-value table from file
"/home/itay/bioinfo/viruses/orthologs2/input/PVT.3SEQ.400"
  Table size : 400 * 400 * 400

────────────────────────────────────────────────────────────────────────────────

                                                Recombinant
Progress    Time Elapsed    Minimum P-Value    Triplets Found
100.000%      000:00:00       1.586462e-02                0

────────────────────────────────────────────────────────────────────────────────

Number of triples tested :              60
Number of p-values computed exactly :   60
Number of p-values approximated (HS) :  0
Number of p-values not computed :       0

Number of recombinant triplets :                               	0
Number of distinct recombinant sequences :                     	0
Number of distinct recombinant sequences at least 100nt long : 	0
Longest of short recombinant segments :                        	0nt

────────────────────────────────────────────────────────────────────────────────

Rejection of the null hypothesis of clonal evolution at p = 0.616919
                                                        p = 6.169e-01
                                            Uncorrected p = 0.0158646
                                            Bonferroni  p = 0.951877

────────────────────────────────────────────────────────────────────────────────

The histogram of P-values has been saved in the file "3s.pvalHist".

════════════════════════════════════════════════════════════════════════════════


                                            ╔══════════════════════════════════╗
                                            ║ Log saved at 2025/08/12 00:15:37 ║
                                            ╚══════════════════════════════════╝

